<!DOCTYPE html PUBLIC "-//W3C//DTD XHTML 1.1//EN" "https://www.w3.org/TR/xhtml11/DTD/xhtml11.dtd">
<html xmlns="https://www.w3.org/1999/xhtml">
<head>
<meta http-equiv="content-type" content="text/html; charset=UTF-8"/>
<title>TestNG Report</title>
<style type="text/css">table {margin-bottom:10px;border-collapse:collapse;empty-cells:show}th,td {border:1px solid #009;padding:.25em .5em}th {vertical-align:bottom}td {vertical-align:top}table a {font-weight:bold}.stripe td {background-color: #E6EBF9}.num {text-align:right}.passedodd td {background-color: #3F3}.passedeven td {background-color: #0A0}.skippedodd td {background-color: #DDD}.skippedeven td {background-color: #CCC}.failedodd td,.attn {background-color: #F33}.failedeven td,.stripe .attn {background-color: #D00}.stacktrace {white-space:pre;font-family:monospace}.totop {font-size:85%;text-align:center;border-bottom:2px solid #000}.invisible {display:none}</style>
</head>
<body>
<table>
<tr><th>Test</th><th># Passed</th><th># Skipped</th><th># Retried</th><th># Failed</th><th>Time (ms)</th><th>Included Groups</th><th>Excluded Groups</th></tr>
<tr><th colspan="8">Suite</th></tr>
<tr><td><a href="#t0">Test</a></td><td class="num">3</td><td class="num">0</td><td class="num">0</td><td class="num attn">2</td><td class="num">25,240</td><td></td><td></td></tr>
</table>
<table id='summary'><thead><tr><th>Class</th><th>Method</th><th>Start</th><th>Time (ms)</th></tr></thead><tbody><tr><th colspan="4">Suite</th></tr></tbody><tbody id="t0"><tr><th colspan="4">Test &#8212; failed</th></tr><tr class="failedeven"><td rowspan="1">Test.scenario_02_Test</td><td><a href="#m0">validate_Dragged_Value</a></td><td rowspan="1">1679913739292</td><td rowspan="1">1316</td></tr><tr class="failedodd"><td rowspan="1">Test.scenario_03_Test</td><td><a href="#m1">validate_Error_Message</a></td><td rowspan="1">1679913727987</td><td rowspan="1">855</td></tr><tr><th colspan="4">Test &#8212; passed</th></tr><tr class="passedeven"><td rowspan="2">Test.scenario_01_Test</td><td><a href="#m2">validate_Entered_Message</a></td><td rowspan="1">1679913720285</td><td rowspan="1">1560</td></tr><tr class="passedeven"><td><a href="#m3">validate_Simple_Form_Demo_URL</a></td><td rowspan="1">1679913724715</td><td rowspan="1">774</td></tr><tr class="passedodd"><td rowspan="1">Test.scenario_03_Test</td><td><a href="#m4">validate_Success_Message</a></td><td rowspan="1">1679913731799</td><td rowspan="1">5050</td></tr></tbody>
</table>
<h2>Test</h2><h3 id="m0">Test.scenario_02_Test#validate_Dragged_Value</h3><table class="result"><tr><th>Exception</th></tr><tr><td><div class="stacktrace">java.lang.AssertionError: expected [59] but found [95]
	at Test.scenario_02_Test.validate_Dragged_Value(scenario_02_Test.java:14)
	at java.base/java.util.ArrayList.forEach(ArrayList.java:1511)
... Removed 31 stack frames</div></td></tr></table><p class="totop"><a href="#summary">back to summary</a></p>
<h3 id="m1">Test.scenario_03_Test#validate_Error_Message</h3><table class="result"><tr><th>Exception</th></tr><tr><td><div class="stacktrace">java.lang.AssertionError: expected [KDGPlease fill out this field.] but found [Please fill out this field.]
	at Test.scenario_03_Test.validate_Error_Message(scenario_03_Test.java:19)
	at java.base/java.util.ArrayList.forEach(ArrayList.java:1511)
... Removed 31 stack frames</div></td></tr></table><p class="totop"><a href="#summary">back to summary</a></p>
<h3 id="m2">Test.scenario_01_Test#validate_Entered_Message</h3><table class="result"><tr><th class="invisible"/></tr></table><p class="totop"><a href="#summary">back to summary</a></p>
<h3 id="m3">Test.scenario_01_Test#validate_Simple_Form_Demo_URL</h3><table class="result"><tr><th class="invisible"/></tr></table><p class="totop"><a href="#summary">back to summary</a></p>
<h3 id="m4">Test.scenario_03_Test#validate_Success_Message</h3><table class="result"><tr><th class="invisible"/></tr></table><p class="totop"><a href="#summary">back to summary</a></p>
</body>
</html>
